<?xml version="1.0" encoding="UTF-8"?>
<testng-results skipped="0" failed="0" ignored="0" total="1" passed="1">
  <reporter-output>
  </reporter-output>
  <suite name="Default suite" duration-ms="230123" started-at="2020-09-08T19:59:01Z" finished-at="2020-09-08T20:02:51Z">
    <groups>
    </groups>
    <test name="Default test" duration-ms="230123" started-at="2020-09-08T19:59:01Z" finished-at="2020-09-08T20:02:51Z">
      <class name="com.actitime.test.CreateCustomer">
        <test-method status="PASS" signature="openBrowser()[pri:0, instance:com.actitime.test.CreateCustomer@3ffc5af1]" name="openBrowser" is-config="true" duration-ms="188912" started-at="2020-09-08T19:59:01Z" finished-at="2020-09-08T20:02:10Z">
          <reporter-output>
          </reporter-output>
        </test-method> <!-- openBrowser -->
        <test-method status="PASS" signature="login()[pri:0, instance:com.actitime.test.CreateCustomer@3ffc5af1]" name="login" is-config="true" duration-ms="700" started-at="2020-09-08T20:02:10Z" finished-at="2020-09-08T20:02:10Z">
          <reporter-output>
          </reporter-output>
        </test-method> <!-- login -->
        <test-method status="PASS" signature="testCreateCustomer()[pri:0, instance:com.actitime.test.CreateCustomer@3ffc5af1]" name="testCreateCustomer" duration-ms="34527" started-at="2020-09-08T20:02:10Z" finished-at="2020-09-08T20:02:45Z">
          <reporter-output>
          </reporter-output>
        </test-method> <!-- testCreateCustomer -->
        <test-method status="PASS" signature="logout()[pri:0, instance:com.actitime.test.CreateCustomer@3ffc5af1]" name="logout" is-config="true" duration-ms="3486" started-at="2020-09-08T20:02:45Z" finished-at="2020-09-08T20:02:48Z">
          <reporter-output>
          </reporter-output>
        </test-method> <!-- logout -->
        <test-method status="PASS" signature="closeBrowser()[pri:0, instance:com.actitime.test.CreateCustomer@3ffc5af1]" name="closeBrowser" is-config="true" duration-ms="2426" started-at="2020-09-08T20:02:48Z" finished-at="2020-09-08T20:02:51Z">
          <reporter-output>
          </reporter-output>
        </test-method> <!-- closeBrowser -->
      </class> <!-- com.actitime.test.CreateCustomer -->
    </test> <!-- Default test -->
  </suite> <!-- Default suite -->
</testng-results>
