<?xml version="1.0" encoding="UTF-8"?>
<!-- Generated by org.testng.reporters.JUnitXMLReporter -->
<testsuite hostname="DESKTOP-PSG913E" ignored="6" tests="0" failures="0" timestamp="06 Sep 2020 20:26:30 GMT" time="0.045" errors="0">
  <testcase name="testCreateCustomer" time="0.0" classname="com.actitime.generics.CreateCustomer">
    <ignored/>
  </testcase> <!-- testCreateCustomer -->
  <testcase name="deleteCustomer" time="0.0" classname="com.actitime.generics.DeleteCustomer">
    <ignored/>
  </testcase> <!-- deleteCustomer -->
  <testcase name="testCreateCustomerwithtaskname" time="0.0" classname="com.actitime.generics.CreateCustomer">
    <ignored/>
  </testcase> <!-- testCreateCustomerwithtaskname -->
  <testcase name="testCreateCutomerWithDesciption" time="0.0" classname="com.actitime.generics.CreateCustomer">
    <ignored/>
  </testcase> <!-- testCreateCutomerWithDesciption -->
  <testcase name="testCreateCustomerwithouttaskname" time="0.0" classname="com.actitime.generics.CreateCustomer">
    <ignored/>
  </testcase> <!-- testCreateCustomerwithouttaskname -->
  <testcase name="modifyCustomer" time="0.0" classname="com.actitime.generics.ModifyCustomer">
    <ignored/>
  </testcase> <!-- modifyCustomer -->
</testsuite>
